<?xml version="1.0" encoding="UTF-8"?>
<testsuite xmlns:xsi="http://www.w3.org/2001/XMLSchema-instance" xsi:noNamespaceSchemaLocation="https://maven.apache.org/surefire/maven-surefire-plugin/xsd/surefire-test-report-3.0.xsd" version="3.0" name="org.genai.knowledgebase.NoteControllerIntegrationTest" time="0.122" tests="2" errors="0" skipped="0" failures="0">
  <properties>
[...]
</properties>
  <testcase name="testGetAllNotes" classname="org.genai.knowledgebase.NoteControllerIntegrationTest" time="0.03">
    <system-out><![CDATA[2025-06-23T23:19:40.795-04:00  INFO 39784 --- [           main] t.c.s.AnnotationConfigContextLoaderUtils : Could not detect default configuration classes for test class [org.genai.knowledgebase.NoteControllerIntegrationTest]: NoteControllerIntegrationTest does not declare any static, non-private, non-final, nested classes annotated with @Configuration.
2025-06-23T23:19:40.811-04:00  INFO 39784 --- [           main] .b.t.c.SpringBootTestContextBootstrapper : Found @SpringBootConfiguration org.genai.knowledgebase.SmartPersonalKbGenAiApplication for test class org.genai.knowledgebase.NoteControllerIntegrationTest
Hibernate: select n1_0.id,n1_0.content,n1_0.created_at,n1_0.title,n1_0.updated_at from notes n1_0
]]></system-out>
  </testcase>
  <testcase name="testCreateNote" classname="org.genai.knowledgebase.NoteControllerIntegrationTest" time="0.056">
    <system-out><![CDATA[Hibernate: insert into notes (content,created_at,title,updated_at,id) values (?,?,?,?,default)
Hibernate: insert into note_tags (note_id,tag) values (?,?)
Hibernate: insert into note_tags (note_id,tag) values (?,?)
]]></system-out>
  </testcase>
</testsuite>