<?xml version="1.0" encoding="UTF-8"?>
<testsuite xmlns:xsi="http://www.w3.org/2001/XMLSchema-instance" xsi:noNamespaceSchemaLocation="https://maven.apache.org/surefire/maven-surefire-plugin/xsd/surefire-test-report-3.0.xsd" version="3.0" name="org.genai.knowledgebase.SmartPersonalKbGenAiApplicationTests" time="7.007" tests="1" errors="0" skipped="0" failures="0">
  <properties>
[...]
</properties>
  <testcase name="contextLoads" classname="org.genai.knowledgebase.SmartPersonalKbGenAiApplicationTests" time="0.024">
    <system-out><![CDATA[2025-06-23T23:19:40.932-04:00  INFO 39784 --- [           main] t.c.s.AnnotationConfigContextLoaderUtils : Could not detect default configuration classes for test class [org.genai.knowledgebase.SmartPersonalKbGenAiApplicationTests]: SmartPersonalKbGenAiApplicationTests does not declare any static, non-private, non-final, nested classes annotated with @Configuration.
2025-06-23T23:19:40.932-04:00  INFO 39784 --- [           main] .b.t.c.SpringBootTestContextBootstrapper : Found @SpringBootConfiguration org.genai.knowledgebase.SmartPersonalKbGenAiApplication for test class org.genai.knowledgebase.SmartPersonalKbGenAiApplicationTests

  .   ____          _            __ _ _
 /\\ / ___'_ __ _ _(_)_ __  __ _ \ \ \ \
( ( )\___ | '_ | '_| | '_ \/ _` | \ \ \ \
 \\/  ___)| |_)| | | | | || (_| |  ) ) ) )
  '  |____| .__|_| |_|_| |_\__, | / / / /
 =========|_|==============|___/=/_/_/_/
 :: Spring Boot ::                (v3.2.6)

2025-06-23T23:19:41.081-04:00  INFO 39784 --- [           main] g.k.SmartPersonalKbGenAiApplicationTests : Starting SmartPersonalKbGenAiApplicationTests using Java 17.0.8 with PID 39784 (started by ssoni in C:\Sahil\Cursor\Git\Backend-Development\SmartPersonalKB-GenAI\smart-personal-kb-genai)
2025-06-23T23:19:41.081-04:00  INFO 39784 --- [           main] g.k.SmartPersonalKbGenAiApplicationTests : No active profile set, falling back to 1 default profile: "default"
2025-06-23T23:19:42.622-04:00  INFO 39784 --- [           main] .s.d.r.c.RepositoryConfigurationDelegate : Bootstrapping Spring Data JPA repositories in DEFAULT mode.
2025-06-23T23:19:42.746-04:00  INFO 39784 --- [           main] .s.d.r.c.RepositoryConfigurationDelegate : Finished Spring Data repository scanning in 124 ms. Found 3 JPA repository interfaces.
2025-06-23T23:19:43.545-04:00  INFO 39784 --- [           main] com.zaxxer.hikari.HikariDataSource       : HikariPool-2 - Starting...
2025-06-23T23:19:43.561-04:00  INFO 39784 --- [           main] com.zaxxer.hikari.pool.HikariPool        : HikariPool-2 - Added connection conn10: url=jdbc:h2:mem:kbdb user=SA
2025-06-23T23:19:43.561-04:00  INFO 39784 --- [           main] com.zaxxer.hikari.HikariDataSource       : HikariPool-2 - Start completed.
2025-06-23T23:19:43.561-04:00  INFO 39784 --- [           main] o.hibernate.jpa.internal.util.LogHelper  : HHH000204: Processing PersistenceUnitInfo [name: default]
2025-06-23T23:19:43.600-04:00  INFO 39784 --- [           main] o.h.c.internal.RegionFactoryInitiator    : HHH000026: Second-level cache disabled
2025-06-23T23:19:43.662-04:00  INFO 39784 --- [           main] o.s.o.j.p.SpringPersistenceUnitInfo      : No LoadTimeWeaver setup: ignoring JPA class transformer
2025-06-23T23:19:43.677-04:00  WARN 39784 --- [           main] org.hibernate.orm.deprecation            : HHH90000025: H2Dialect does not need to be specified explicitly using 'hibernate.dialect' (remove the property setting and it will be selected by default)
2025-06-23T23:19:44.429-04:00  INFO 39784 --- [           main] o.h.e.t.j.p.i.JtaPlatformInitiator       : HHH000489: No JTA platform available (set 'hibernate.transaction.jta.platform' to enable JTA platform integration)
Hibernate: drop table if exists document_tags cascade 
Hibernate: drop table if exists documents cascade 
Hibernate: drop table if exists note_tags cascade 
Hibernate: drop table if exists notes cascade 
Hibernate: drop table if exists snippet_tags cascade 
Hibernate: drop table if exists snippets cascade 
Hibernate: create table document_tags (document_id bigint not null, tag varchar(255))
Hibernate: create table documents (created_at timestamp(6) not null, id bigint generated by default as identity, updated_at timestamp(6) not null, file_path varchar(255) not null, title varchar(255) not null, primary key (id))
Hibernate: create table note_tags (note_id bigint not null, tag varchar(255))
Hibernate: create table notes (created_at timestamp(6) not null, id bigint generated by default as identity, updated_at timestamp(6) not null, content TEXT not null, title varchar(255) not null, primary key (id))
Hibernate: create table snippet_tags (snippet_id bigint not null, tag varchar(255))
Hibernate: create table snippets (created_at timestamp(6) not null, id bigint generated by default as identity, updated_at timestamp(6) not null, code TEXT not null, language varchar(255) not null, title varchar(255) not null, primary key (id))
Hibernate: alter table if exists document_tags add constraint FKc99c5qjulwx9gru07yrhicgd2 foreign key (document_id) references documents
Hibernate: alter table if exists note_tags add constraint FKb15yxop81senc5xs5tjrsy4k4 foreign key (note_id) references notes
Hibernate: alter table if exists snippet_tags add constraint FKwhgimw801nwvdnyh2wjgwlkm foreign key (snippet_id) references snippets
2025-06-23T23:19:44.517-04:00  INFO 39784 --- [           main] j.LocalContainerEntityManagerFactoryBean : Initialized JPA EntityManagerFactory for persistence unit 'default'
2025-06-23T23:19:45.690-04:00  WARN 39784 --- [           main] JpaBaseConfiguration$JpaWebConfiguration : spring.jpa.open-in-view is enabled by default. Therefore, database queries may be performed during view rendering. Explicitly configure spring.jpa.open-in-view to disable this warning
2025-06-23T23:19:47.736-04:00  INFO 39784 --- [           main] o.s.b.a.e.web.EndpointLinksResolver      : Exposing 2 endpoint(s) beneath base path '/actuator'
2025-06-23T23:19:47.911-04:00  INFO 39784 --- [           main] g.k.SmartPersonalKbGenAiApplicationTests : Started SmartPersonalKbGenAiApplicationTests in 6.947 seconds (process running for 58.215)
]]></system-out>
  </testcase>
</testsuite>